Analysis & Synthesis report for CODECSystem
<<<<<<< Updated upstream
Wed Sep 02 13:13:53 2015
=======
Mon Aug 31 11:26:50 2015
>>>>>>> Stashed changes
Quartus II 64-Bit Version 14.0.0 Build 200 06/17/2014 SJ Web Edition


---------------------
; Table of Contents ;
---------------------
  1. Legal Notice
  2. Analysis & Synthesis Summary
  3. Analysis & Synthesis Settings
  4. Parallel Compilation
  5. Analysis & Synthesis Source Files Read
  6. Analysis & Synthesis Resource Usage Summary
  7. Analysis & Synthesis Resource Utilization by Entity
<<<<<<< Updated upstream
  8. General Register Statistics
  9. Post-Synthesis Netlist Statistics for Top Partition
 10. Elapsed Time Per Partition
 11. Analysis & Synthesis Messages
=======
  8. User-Specified and Inferred Latches
  9. General Register Statistics
 10. Post-Synthesis Netlist Statistics for Top Partition
 11. Elapsed Time Per Partition
 12. Analysis & Synthesis Messages
>>>>>>> Stashed changes



----------------
; Legal Notice ;
----------------
Copyright (C) 1991-2014 Altera Corporation. All rights reserved.
Your use of Altera Corporation's design tools, logic functions 
and other software and tools, and its AMPP partner logic 
functions, and any output files from any of the foregoing 
(including device programming or simulation files), and any 
associated documentation or information are expressly subject 
to the terms and conditions of the Altera Program License 
Subscription Agreement, the Altera Quartus II License Agreement,
the Altera MegaCore Function License Agreement, or other 
applicable license agreement, including, without limitation, 
that your use is for the sole purpose of programming logic 
devices manufactured by Altera and sold by Altera or its 
authorized distributors.  Please refer to the applicable 
agreement for further details.



+---------------------------------------------------------------------------------+
; Analysis & Synthesis Summary                                                    ;
+------------------------------------+--------------------------------------------+
<<<<<<< Updated upstream
; Analysis & Synthesis Status        ; Successful - Wed Sep 02 13:13:53 2015      ;
=======
; Analysis & Synthesis Status        ; Successful - Mon Aug 31 11:26:50 2015      ;
>>>>>>> Stashed changes
; Quartus II 64-Bit Version          ; 14.0.0 Build 200 06/17/2014 SJ Web Edition ;
; Revision Name                      ; CODECSystem                                ;
; Top-level Entity Name              ; CodecConfig                                ;
; Family                             ; Cyclone IV E                               ;
<<<<<<< Updated upstream
; Total logic elements               ; 0                                          ;
;     Total combinational functions  ; 0                                          ;
;     Dedicated logic registers      ; 0                                          ;
; Total registers                    ; 0                                          ;
; Total pins                         ; 3                                          ;
=======
; Total logic elements               ; 56                                         ;
;     Total combinational functions  ; 56                                         ;
;     Dedicated logic registers      ; 14                                         ;
; Total registers                    ; 14                                         ;
; Total pins                         ; 39                                         ;
>>>>>>> Stashed changes
; Total virtual pins                 ; 0                                          ;
; Total memory bits                  ; 0                                          ;
; Embedded Multiplier 9-bit elements ; 0                                          ;
; Total PLLs                         ; 0                                          ;
+------------------------------------+--------------------------------------------+


+----------------------------------------------------------------------------------------------------------------------+
; Analysis & Synthesis Settings                                                                                        ;
+----------------------------------------------------------------------------+--------------------+--------------------+
; Option                                                                     ; Setting            ; Default Value      ;
+----------------------------------------------------------------------------+--------------------+--------------------+
; Device                                                                     ; EP4CE115F29C7      ;                    ;
; Top-level entity name                                                      ; CodecConfig        ; CODECSystem        ;
; Family name                                                                ; Cyclone IV E       ; Cyclone IV GX      ;
; Use smart compilation                                                      ; Off                ; Off                ;
; Enable parallel Assembler and TimeQuest Timing Analyzer during compilation ; On                 ; On                 ;
; Enable compact report table                                                ; Off                ; Off                ;
; Restructure Multiplexers                                                   ; Auto               ; Auto               ;
; Create Debugging Nodes for IP Cores                                        ; Off                ; Off                ;
; Preserve fewer node names                                                  ; On                 ; On                 ;
; Disable OpenCore Plus hardware evaluation                                  ; Off                ; Off                ;
; Verilog Version                                                            ; Verilog_2001       ; Verilog_2001       ;
; VHDL Version                                                               ; VHDL_1993          ; VHDL_1993          ;
; State Machine Processing                                                   ; Auto               ; Auto               ;
; Safe State Machine                                                         ; Off                ; Off                ;
; Extract Verilog State Machines                                             ; On                 ; On                 ;
; Extract VHDL State Machines                                                ; On                 ; On                 ;
; Ignore Verilog initial constructs                                          ; Off                ; Off                ;
; Iteration limit for constant Verilog loops                                 ; 5000               ; 5000               ;
; Iteration limit for non-constant Verilog loops                             ; 250                ; 250                ;
; Add Pass-Through Logic to Inferred RAMs                                    ; On                 ; On                 ;
; Infer RAMs from Raw Logic                                                  ; On                 ; On                 ;
; Parallel Synthesis                                                         ; On                 ; On                 ;
; DSP Block Balancing                                                        ; Auto               ; Auto               ;
; NOT Gate Push-Back                                                         ; On                 ; On                 ;
; Power-Up Don't Care                                                        ; On                 ; On                 ;
; Remove Redundant Logic Cells                                               ; Off                ; Off                ;
; Remove Duplicate Registers                                                 ; On                 ; On                 ;
; Ignore CARRY Buffers                                                       ; Off                ; Off                ;
; Ignore CASCADE Buffers                                                     ; Off                ; Off                ;
; Ignore GLOBAL Buffers                                                      ; Off                ; Off                ;
; Ignore ROW GLOBAL Buffers                                                  ; Off                ; Off                ;
; Ignore LCELL Buffers                                                       ; Off                ; Off                ;
; Ignore SOFT Buffers                                                        ; On                 ; On                 ;
; Limit AHDL Integers to 32 Bits                                             ; Off                ; Off                ;
; Optimization Technique                                                     ; Balanced           ; Balanced           ;
; Carry Chain Length                                                         ; 70                 ; 70                 ;
; Auto Carry Chains                                                          ; On                 ; On                 ;
; Auto Open-Drain Pins                                                       ; On                 ; On                 ;
; Perform WYSIWYG Primitive Resynthesis                                      ; Off                ; Off                ;
; Auto ROM Replacement                                                       ; On                 ; On                 ;
; Auto RAM Replacement                                                       ; On                 ; On                 ;
; Auto DSP Block Replacement                                                 ; On                 ; On                 ;
; Auto Shift Register Replacement                                            ; Auto               ; Auto               ;
; Allow Shift Register Merging across Hierarchies                            ; Auto               ; Auto               ;
; Auto Clock Enable Replacement                                              ; On                 ; On                 ;
; Strict RAM Replacement                                                     ; Off                ; Off                ;
; Allow Synchronous Control Signals                                          ; On                 ; On                 ;
; Force Use of Synchronous Clear Signals                                     ; Off                ; Off                ;
; Auto RAM Block Balancing                                                   ; On                 ; On                 ;
; Auto RAM to Logic Cell Conversion                                          ; Off                ; Off                ;
; Auto Resource Sharing                                                      ; Off                ; Off                ;
; Allow Any RAM Size For Recognition                                         ; Off                ; Off                ;
; Allow Any ROM Size For Recognition                                         ; Off                ; Off                ;
; Allow Any Shift Register Size For Recognition                              ; Off                ; Off                ;
; Use LogicLock Constraints during Resource Balancing                        ; On                 ; On                 ;
; Ignore translate_off and synthesis_off directives                          ; Off                ; Off                ;
; Timing-Driven Synthesis                                                    ; On                 ; On                 ;
; Report Parameter Settings                                                  ; On                 ; On                 ;
; Report Source Assignments                                                  ; On                 ; On                 ;
; Report Connectivity Checks                                                 ; On                 ; On                 ;
; Ignore Maximum Fan-Out Assignments                                         ; Off                ; Off                ;
; Synchronization Register Chain Length                                      ; 2                  ; 2                  ;
; PowerPlay Power Optimization                                               ; Normal compilation ; Normal compilation ;
; HDL message level                                                          ; Level2             ; Level2             ;
; Suppress Register Optimization Related Messages                            ; Off                ; Off                ;
; Number of Removed Registers Reported in Synthesis Report                   ; 5000               ; 5000               ;
; Number of Swept Nodes Reported in Synthesis Report                         ; 5000               ; 5000               ;
; Number of Inverted Registers Reported in Synthesis Report                  ; 100                ; 100                ;
; Clock MUX Protection                                                       ; On                 ; On                 ;
; Auto Gated Clock Conversion                                                ; Off                ; Off                ;
; Block Design Naming                                                        ; Auto               ; Auto               ;
; SDC constraint protection                                                  ; Off                ; Off                ;
; Synthesis Effort                                                           ; Auto               ; Auto               ;
; Shift Register Replacement - Allow Asynchronous Clear Signal               ; On                 ; On                 ;
; Pre-Mapping Resynthesis Optimization                                       ; Off                ; Off                ;
; Analysis & Synthesis Message Level                                         ; Medium             ; Medium             ;
; Disable Register Merging Across Hierarchies                                ; Auto               ; Auto               ;
; Resource Aware Inference For Block RAM                                     ; On                 ; On                 ;
; Synthesis Seed                                                             ; 1                  ; 1                  ;
+----------------------------------------------------------------------------+--------------------+--------------------+


+------------------------------------------+
; Parallel Compilation                     ;
+----------------------------+-------------+
; Processors                 ; Number      ;
+----------------------------+-------------+
; Number detected on machine ; 4           ;
; Maximum allowed            ; 2           ;
;                            ;             ;
; Average used               ; 1.00        ;
; Maximum used               ; 1           ;
;                            ;             ;
; Usage by Processor         ; % Time Used ;
;     Processor 1            ; 100.0%      ;
;     Processors 2-4         ;   0.0%      ;
+----------------------------+-------------+


<<<<<<< Updated upstream
+-----------------------------------------------------------------------------------------------------------------------------------------------------+
; Analysis & Synthesis Source Files Read                                                                                                              ;
+----------------------------------+-----------------+-----------------+--------------------------------------------------------------------+---------+
; File Name with User-Entered Path ; Used in Netlist ; File Type       ; File Name with Absolute Path                                       ; Library ;
+----------------------------------+-----------------+-----------------+--------------------------------------------------------------------+---------+
; CodecConfig.vhd                  ; yes             ; User VHDL File  ; C:/Users/Helder/Documents/GitHub/PI-VI/FPGAProgram/CodecConfig.vhd ;         ;
+----------------------------------+-----------------+-----------------+--------------------------------------------------------------------+---------+
=======
+---------------------------------------------------------------------------------------------------------------------------------------------------------------------------+
; Analysis & Synthesis Source Files Read                                                                                                                                    ;
+----------------------------------+-----------------+------------------------------------+-----------------------------------------------------------------------+---------+
; File Name with User-Entered Path ; Used in Netlist ; File Type                          ; File Name with Absolute Path                                          ; Library ;
+----------------------------------+-----------------+------------------------------------+-----------------------------------------------------------------------+---------+
; CODECSystem.vhd                  ; yes             ; User VHDL File                     ; C:/Users/Helder/Documents/GitHub/PI-VI/FPGAProgram/CODECSystem.vhd    ;         ;
; DASystem.vhd                     ; yes             ; User VHDL File                     ; C:/Users/Helder/Documents/GitHub/PI-VI/FPGAProgram/DASystem.vhd       ;         ;
; ClockDivider32.bdf               ; yes             ; User Block Diagram/Schematic File  ; C:/Users/Helder/Documents/GitHub/PI-VI/FPGAProgram/ClockDivider32.bdf ;         ;
+----------------------------------+-----------------+------------------------------------+-----------------------------------------------------------------------+---------+
>>>>>>> Stashed changes


+-----------------------------------------------------+
; Analysis & Synthesis Resource Usage Summary         ;
+---------------------------------------------+-------+
; Resource                                    ; Usage ;
+---------------------------------------------+-------+
<<<<<<< Updated upstream
;                                             ;       ;
; Total combinational functions               ; 0     ;
; Logic element usage by number of LUT inputs ;       ;
;     -- 4 input functions                    ; 0     ;
;     -- 3 input functions                    ; 0     ;
;     -- <=2 input functions                  ; 0     ;
;                                             ;       ;
; Logic elements by mode                      ;       ;
;     -- normal mode                          ; 0     ;
;     -- arithmetic mode                      ; 0     ;
;                                             ;       ;
; Total registers                             ; 0     ;
;     -- Dedicated logic registers            ; 0     ;
;     -- I/O registers                        ; 0     ;
;                                             ;       ;
; I/O pins                                    ; 3     ;
; Embedded Multiplier 9-bit elements          ; 0     ;
; Maximum fan-out node                        ; SCLK  ;
; Maximum fan-out                             ; 1     ;
; Total fan-out                               ; 3     ;
; Average fan-out                             ; 0.50  ;
+---------------------------------------------+-------+


+-----------------------------------------------------------------------------------------------------------------------------------------------------------------------------+
; Analysis & Synthesis Resource Utilization by Entity                                                                                                                         ;
+----------------------------+-------------------+--------------+-------------+--------------+---------+-----------+------+--------------+---------------------+--------------+
; Compilation Hierarchy Node ; LC Combinationals ; LC Registers ; Memory Bits ; DSP Elements ; DSP 9x9 ; DSP 18x18 ; Pins ; Virtual Pins ; Full Hierarchy Name ; Library Name ;
+----------------------------+-------------------+--------------+-------------+--------------+---------+-----------+------+--------------+---------------------+--------------+
; |CodecConfig               ; 0 (0)             ; 0 (0)        ; 0           ; 0            ; 0       ; 0         ; 3    ; 0            ; |CodecConfig        ; work         ;
+----------------------------+-------------------+--------------+-------------+--------------+---------+-----------+------+--------------+---------------------+--------------+
Note: For table entries with two numbers listed, the numbers in parentheses indicate the number of resources of the given type used by the specific entity alone. The numbers listed outside of parentheses indicate the total resources of the given type used by the specific entity and all of its sub-entities in the hierarchy.


=======
; Estimated Total logic elements              ; 56    ;
;                                             ;       ;
; Total combinational functions               ; 56    ;
; Logic element usage by number of LUT inputs ;       ;
;     -- 4 input functions                    ; 27    ;
;     -- 3 input functions                    ; 17    ;
;     -- <=2 input functions                  ; 12    ;
;                                             ;       ;
; Logic elements by mode                      ;       ;
;     -- normal mode                          ; 56    ;
;     -- arithmetic mode                      ; 0     ;
;                                             ;       ;
; Total registers                             ; 14    ;
;     -- Dedicated logic registers            ; 14    ;
;     -- I/O registers                        ; 0     ;
;                                             ;       ;
; I/O pins                                    ; 39    ;
; Embedded Multiplier 9-bit elements          ; 0     ;
; Maximum fan-out node                        ; i[2]  ;
; Maximum fan-out                             ; 25    ;
; Total fan-out                               ; 261   ;
; Average fan-out                             ; 1.76  ;
+---------------------------------------------+-------+


+-------------------------------------------------------------------------------------------------------------------------------------------------------------------------------------------+
; Analysis & Synthesis Resource Utilization by Entity                                                                                                                                       ;
+----------------------------+-------------------+--------------+-------------+--------------+---------+-----------+------+--------------+-----------------------------------+--------------+
; Compilation Hierarchy Node ; LC Combinationals ; LC Registers ; Memory Bits ; DSP Elements ; DSP 9x9 ; DSP 18x18 ; Pins ; Virtual Pins ; Full Hierarchy Name               ; Library Name ;
+----------------------------+-------------------+--------------+-------------+--------------+---------+-----------+------+--------------+-----------------------------------+--------------+
; |CODECSystem               ; 56 (46)           ; 14 (4)       ; 0           ; 0            ; 0       ; 0         ; 39   ; 0            ; |CODECSystem                      ; work         ;
;    |ClockDivider32:CLKD1|  ; 5 (5)             ; 5 (5)        ; 0           ; 0            ; 0       ; 0         ; 0    ; 0            ; |CODECSystem|ClockDivider32:CLKD1 ; work         ;
;    |ClockDivider32:CLKD2|  ; 5 (5)             ; 5 (5)        ; 0           ; 0            ; 0       ; 0         ; 0    ; 0            ; |CODECSystem|ClockDivider32:CLKD2 ; work         ;
+----------------------------+-------------------+--------------+-------------+--------------+---------+-----------+------+--------------+-----------------------------------+--------------+
Note: For table entries with two numbers listed, the numbers in parentheses indicate the number of resources of the given type used by the specific entity alone. The numbers listed outside of parentheses indicate the total resources of the given type used by the specific entity and all of its sub-entities in the hierarchy.


+----------------------------------------------------------------------------------------------------+
; User-Specified and Inferred Latches                                                                ;
+-----------------------------------------------------+---------------------+------------------------+
; Latch Name                                          ; Latch Enable Signal ; Free of Timing Hazards ;
+-----------------------------------------------------+---------------------+------------------------+
; led[0]$latch                                        ; Decoder0            ; yes                    ;
; led[1]$latch                                        ; Decoder0            ; yes                    ;
; led[2]$latch                                        ; Decoder0            ; yes                    ;
; led[3]$latch                                        ; Decoder0            ; yes                    ;
; led[4]$latch                                        ; Decoder0            ; yes                    ;
; led[5]$latch                                        ; Decoder0            ; yes                    ;
; led[6]$latch                                        ; Decoder0            ; yes                    ;
; led[7]$latch                                        ; Decoder0            ; yes                    ;
; led[8]$latch                                        ; Decoder0            ; yes                    ;
; led[9]$latch                                        ; Decoder0            ; yes                    ;
; led[10]$latch                                       ; Decoder0            ; yes                    ;
; led[11]$latch                                       ; Decoder0            ; yes                    ;
; led[12]$latch                                       ; Decoder0            ; yes                    ;
; led[13]$latch                                       ; Decoder0            ; yes                    ;
; led[14]$latch                                       ; Decoder0            ; yes                    ;
; led[15]$latch                                       ; Decoder0            ; yes                    ;
; Number of user-specified and inferred latches = 16  ;                     ;                        ;
+-----------------------------------------------------+---------------------+------------------------+
Note: All latches listed above may not be present at the end of synthesis due to various synthesis optimizations.


>>>>>>> Stashed changes
+------------------------------------------------------+
; General Register Statistics                          ;
+----------------------------------------------+-------+
; Statistic                                    ; Value ;
+----------------------------------------------+-------+
<<<<<<< Updated upstream
; Total registers                              ; 0     ;
=======
; Total registers                              ; 14    ;
>>>>>>> Stashed changes
; Number of registers using Synchronous Clear  ; 0     ;
; Number of registers using Synchronous Load   ; 0     ;
; Number of registers using Asynchronous Clear ; 0     ;
; Number of registers using Asynchronous Load  ; 0     ;
; Number of registers using Clock Enable       ; 0     ;
; Number of registers using Preset             ; 0     ;
+----------------------------------------------+-------+


+-----------------------------------------------------+
; Post-Synthesis Netlist Statistics for Top Partition ;
+-----------------------+-----------------------------+
; Type                  ; Count                       ;
+-----------------------+-----------------------------+
<<<<<<< Updated upstream
; boundary_port         ; 3                           ;
; cycloneiii_lcell_comb ; 1                           ;
;     normal            ; 1                           ;
;         0 data inputs ; 1                           ;
;                       ;                             ;
; Max LUT depth         ; 0.00                        ;
; Average LUT depth     ; 0.00                        ;
=======
; boundary_port         ; 39                          ;
; cycloneiii_ff         ; 14                          ;
;     plain             ; 14                          ;
; cycloneiii_lcell_comb ; 56                          ;
;     normal            ; 56                          ;
;         1 data inputs ; 11                          ;
;         2 data inputs ; 1                           ;
;         3 data inputs ; 17                          ;
;         4 data inputs ; 27                          ;
;                       ;                             ;
; Max LUT depth         ; 5.00                        ;
; Average LUT depth     ; 2.70                        ;
>>>>>>> Stashed changes
+-----------------------+-----------------------------+


+-------------------------------+
; Elapsed Time Per Partition    ;
+----------------+--------------+
; Partition Name ; Elapsed Time ;
+----------------+--------------+
; Top            ; 00:00:00     ;
+----------------+--------------+


+-------------------------------+
; Analysis & Synthesis Messages ;
+-------------------------------+
Info: *******************************************************************
Info: Running Quartus II 64-Bit Analysis & Synthesis
    Info: Version 14.0.0 Build 200 06/17/2014 SJ Web Edition
<<<<<<< Updated upstream
    Info: Processing started: Wed Sep 02 13:13:51 2015
=======
    Info: Processing started: Mon Aug 31 11:26:48 2015
>>>>>>> Stashed changes
Info: Command: quartus_map --read_settings_files=on --write_settings_files=off CODECSystem -c CODECSystem
Info (11104): Parallel Compilation has detected 4 hyper-threaded processors. However, the extra hyper-threaded processors will not be used by default. Parallel Compilation will use 2 of the 2 physical processors detected instead.
Info (12021): Found 2 design units, including 1 entities, in source file codecsystem.vhd
    Info (12022): Found design unit 1: CODECSystem-CODECarch
    Info (12023): Found entity 1: CODECSystem
Info (12021): Found 2 design units, including 1 entities, in source file dasystem.vhd
    Info (12022): Found design unit 1: DASystem-DAArch
    Info (12023): Found entity 1: DASystem
Info (12021): Found 1 design units, including 1 entities, in source file clockdivider32.bdf
    Info (12023): Found entity 1: ClockDivider32
Info (12021): Found 1 design units, including 1 entities, in source file clockdivider64.bdf
    Info (12023): Found entity 1: ClockDivider64
<<<<<<< Updated upstream
Info (12021): Found 2 design units, including 1 entities, in source file codecconfig.vhd
    Info (12022): Found design unit 1: CodecConfig-archconfig
    Info (12023): Found entity 1: CodecConfig
Info (12127): Elaborating entity "CodecConfig" for the top level hierarchy
Warning (10541): VHDL Signal Declaration warning at CodecConfig.vhd(9): used implicit default value for signal "SCLKHELP" because signal was never assigned a value or an explicit default value. Use of implicit default value may introduce unintended design optimizations.
Warning (10492): VHDL Process Statement warning at CodecConfig.vhd(24): signal "preset" is read inside the Process Statement but isn't in the Process Statement's sensitivity list
Warning (10492): VHDL Process Statement warning at CodecConfig.vhd(28): signal "preset" is read inside the Process Statement but isn't in the Process Statement's sensitivity list
Warning (10631): VHDL Process Statement warning at CodecConfig.vhd(21): inferring latch(es) for signal or variable "x", which holds its previous value in one or more paths through the process
Warning (10631): VHDL Process Statement warning at CodecConfig.vhd(21): inferring latch(es) for signal or variable "preset", which holds its previous value in one or more paths through the process
Info (10041): Inferred latch for "preset" at CodecConfig.vhd(21)
Info (10041): Inferred latch for "x" at CodecConfig.vhd(28)
Warning (13024): Output pins are stuck at VCC or GND
    Warning (13410): Pin "SCLKHELP" is stuck at GND
    Warning (13410): Pin "SCINHELP" is stuck at GND
Info (16010): Generating hard_block partition "hard_block:auto_generated_inst"
    Info (16011): Adding 0 node(s), including 0 DDIO, 0 PLL, 0 transceiver and 0 LCELL
Warning (21074): Design contains 1 input pin(s) that do not drive logic
    Warning (15610): No output dependent on input pin "SCLK"
Info (21057): Implemented 3 device resources after synthesis - the final resource count might be different
    Info (21058): Implemented 1 input pins
    Info (21059): Implemented 2 output pins
Info: Quartus II 64-Bit Analysis & Synthesis was successful. 0 errors, 10 warnings
    Info: Peak virtual memory: 593 megabytes
    Info: Processing ended: Wed Sep 02 13:13:53 2015
=======
Info (12127): Elaborating entity "CODECSystem" for the top level hierarchy
Info (10041): Inferred latch for "led[0]" at CODECSystem.vhd(63)
Info (10041): Inferred latch for "led[1]" at CODECSystem.vhd(63)
Info (10041): Inferred latch for "led[2]" at CODECSystem.vhd(63)
Info (10041): Inferred latch for "led[3]" at CODECSystem.vhd(63)
Info (10041): Inferred latch for "led[4]" at CODECSystem.vhd(63)
Info (10041): Inferred latch for "led[5]" at CODECSystem.vhd(63)
Info (10041): Inferred latch for "led[6]" at CODECSystem.vhd(63)
Info (10041): Inferred latch for "led[7]" at CODECSystem.vhd(63)
Info (10041): Inferred latch for "led[8]" at CODECSystem.vhd(63)
Info (10041): Inferred latch for "led[9]" at CODECSystem.vhd(63)
Info (10041): Inferred latch for "led[10]" at CODECSystem.vhd(63)
Info (10041): Inferred latch for "led[11]" at CODECSystem.vhd(63)
Info (10041): Inferred latch for "led[12]" at CODECSystem.vhd(63)
Info (10041): Inferred latch for "led[13]" at CODECSystem.vhd(63)
Info (10041): Inferred latch for "led[14]" at CODECSystem.vhd(63)
Info (10041): Inferred latch for "led[15]" at CODECSystem.vhd(63)
Info (12128): Elaborating entity "ClockDivider32" for hierarchy "ClockDivider32:CLKD1"
Info (12128): Elaborating entity "DASystem" for hierarchy "DASystem:DA"
Warning (13012): Latch led[0]$latch has unsafe behavior
    Warning (13013): Ports D and ENA on the latch are fed by the same signal i[1]
Warning (13012): Latch led[1]$latch has unsafe behavior
    Warning (13013): Ports D and ENA on the latch are fed by the same signal i[1]
Warning (13012): Latch led[2]$latch has unsafe behavior
    Warning (13013): Ports D and ENA on the latch are fed by the same signal i[1]
Warning (13012): Latch led[3]$latch has unsafe behavior
    Warning (13013): Ports D and ENA on the latch are fed by the same signal i[1]
Warning (13012): Latch led[4]$latch has unsafe behavior
    Warning (13013): Ports D and ENA on the latch are fed by the same signal i[1]
Warning (13012): Latch led[5]$latch has unsafe behavior
    Warning (13013): Ports D and ENA on the latch are fed by the same signal i[1]
Warning (13012): Latch led[6]$latch has unsafe behavior
    Warning (13013): Ports D and ENA on the latch are fed by the same signal i[1]
Warning (13012): Latch led[7]$latch has unsafe behavior
    Warning (13013): Ports D and ENA on the latch are fed by the same signal i[1]
Warning (13012): Latch led[8]$latch has unsafe behavior
    Warning (13013): Ports D and ENA on the latch are fed by the same signal i[1]
Warning (13012): Latch led[9]$latch has unsafe behavior
    Warning (13013): Ports D and ENA on the latch are fed by the same signal i[1]
Warning (13012): Latch led[10]$latch has unsafe behavior
    Warning (13013): Ports D and ENA on the latch are fed by the same signal i[1]
Warning (13012): Latch led[11]$latch has unsafe behavior
    Warning (13013): Ports D and ENA on the latch are fed by the same signal i[1]
Warning (13012): Latch led[12]$latch has unsafe behavior
    Warning (13013): Ports D and ENA on the latch are fed by the same signal i[1]
Warning (13012): Latch led[13]$latch has unsafe behavior
    Warning (13013): Ports D and ENA on the latch are fed by the same signal i[1]
Warning (13012): Latch led[14]$latch has unsafe behavior
    Warning (13013): Ports D and ENA on the latch are fed by the same signal i[1]
Warning (13012): Latch led[15]$latch has unsafe behavior
    Warning (13013): Ports D and ENA on the latch are fed by the same signal i[1]
Info (286030): Timing-Driven Synthesis is running
Info (16010): Generating hard_block partition "hard_block:auto_generated_inst"
    Info (16011): Adding 0 node(s), including 0 DDIO, 0 PLL, 0 transceiver and 0 LCELL
Info (21057): Implemented 95 device resources after synthesis - the final resource count might be different
    Info (21058): Implemented 17 input pins
    Info (21059): Implemented 22 output pins
    Info (21061): Implemented 56 logic cells
Info: Quartus II 64-Bit Analysis & Synthesis was successful. 0 errors, 32 warnings
    Info: Peak virtual memory: 589 megabytes
    Info: Processing ended: Mon Aug 31 11:26:50 2015
>>>>>>> Stashed changes
    Info: Elapsed time: 00:00:02
    Info: Total CPU time (on all processors): 00:00:02


