Flow report for CODECSystem
Wed Aug 26 19:54:51 2015
Quartus II 64-Bit Version 14.0.0 Build 200 06/17/2014 SJ Web Edition


---------------------
; Table of Contents ;
---------------------
  1. Legal Notice
  2. Flow Summary
  3. Flow Settings
  4. Flow Non-Default Global Settings
  5. Flow Elapsed Time
  6. Flow OS Summary
  7. Flow Log
  8. Flow Messages
  9. Flow Suppressed Messages



----------------
; Legal Notice ;
----------------
Copyright (C) 1991-2014 Altera Corporation. All rights reserved.
Your use of Altera Corporation's design tools, logic functions 
and other software and tools, and its AMPP partner logic 
functions, and any output files from any of the foregoing 
(including device programming or simulation files), and any 
associated documentation or information are expressly subject 
to the terms and conditions of the Altera Program License 
Subscription Agreement, the Altera Quartus II License Agreement,
the Altera MegaCore Function License Agreement, or other 
applicable license agreement, including, without limitation, 
that your use is for the sole purpose of programming logic 
devices manufactured by Altera and sold by Altera or its 
authorized distributors.  Please refer to the applicable 
agreement for further details.



+---------------------------------------------------------------------------------+
; Flow Summary                                                                    ;
+------------------------------------+--------------------------------------------+
; Flow Status                        ; Successful - Wed Aug 26 19:54:51 2015      ;
; Quartus II 64-Bit Version          ; 14.0.0 Build 200 06/17/2014 SJ Web Edition ;
; Revision Name                      ; CODECSystem                                ;
; Top-level Entity Name              ; CODECSystem                                ;
; Family                             ; Cyclone IV E                               ;
; Device                             ; EP4CE115F29C7                              ;
; Timing Models                      ; Final                                      ;
; Total logic elements               ; 24 / 114,480 ( < 1 % )                     ;
;     Total combinational functions  ; 15 / 114,480 ( < 1 % )                     ;
;     Dedicated logic registers      ; 11 / 114,480 ( < 1 % )                     ;
; Total registers                    ; 11                                         ;
; Total pins                         ; 32 / 529 ( 6 % )                           ;
; Total virtual pins                 ; 0                                          ;
; Total memory bits                  ; 0 / 3,981,312 ( 0 % )                      ;
; Embedded Multiplier 9-bit elements ; 0 / 532 ( 0 % )                            ;
; Total PLLs                         ; 0 / 4 ( 0 % )                              ;
+------------------------------------+--------------------------------------------+


+-----------------------------------------+
; Flow Settings                           ;
+-------------------+---------------------+
; Option            ; Setting             ;
+-------------------+---------------------+
; Start date & time ; 08/26/2015 19:47:41 ;
; Main task         ; Compilation         ;
; Revision Name     ; CODECSystem         ;
+-------------------+---------------------+


+---------------------------------------------------------------------------------------------------------------------------------------------------+
; Flow Non-Default Global Settings                                                                                                                  ;
+-------------------------------------+--------------------------------------------------------------+---------------+-------------+----------------+
; Assignment Name                     ; Value                                                        ; Default Value ; Entity Name ; Section Id     ;
+-------------------------------------+--------------------------------------------------------------+---------------+-------------+----------------+
; COMPILER_SIGNATURE_ID               ; 163683362855491.144062926101112                              ; --            ; --          ; --             ;
; EDA_GENERATE_FUNCTIONAL_NETLIST     ; On                                                           ; --            ; --          ; eda_simulation ;
; EDA_NETLIST_WRITER_OUTPUT_DIR       ; C:/Users/Helder/Documents/PI-VI/FPGAProgram/simulation/qsim/ ; --            ; --          ; eda_simulation ;
; EDA_OUTPUT_DATA_FORMAT              ; Verilog Hdl                                                  ; --            ; --          ; eda_simulation ;
; EDA_SIMULATION_TOOL                 ; ModelSim-Altera (Verilog)                                    ; <None>        ; --          ; --             ;
; MAX_CORE_JUNCTION_TEMP              ; 85                                                           ; --            ; --          ; --             ;
; MIN_CORE_JUNCTION_TEMP              ; 0                                                            ; --            ; --          ; --             ;
; PARTITION_COLOR                     ; 16764057                                                     ; --            ; --          ; Top            ;
; PARTITION_FITTER_PRESERVATION_LEVEL ; PLACEMENT_AND_ROUTING                                        ; --            ; --          ; Top            ;
; PARTITION_NETLIST_TYPE              ; SOURCE                                                       ; --            ; --          ; Top            ;
; POWER_BOARD_THERMAL_MODEL           ; None (CONSERVATIVE)                                          ; --            ; --          ; --             ;
; POWER_PRESET_COOLING_SOLUTION       ; 23 MM HEAT SINK WITH 200 LFPM AIRFLOW                        ; --            ; --          ; --             ;
; PROJECT_OUTPUT_DIRECTORY            ; output_files                                                 ; --            ; --          ; --             ;
+-------------------------------------+--------------------------------------------------------------+---------------+-------------+----------------+


+-------------------------------------------------------------------------------------------------------------------------------+
; Flow Elapsed Time                                                                                                             ;
+---------------------------+--------------+-------------------------+---------------------+------------------------------------+
; Module Name               ; Elapsed Time ; Average Processors Used ; Peak Virtual Memory ; Total CPU Time (on all processors) ;
+---------------------------+--------------+-------------------------+---------------------+------------------------------------+
; Analysis & Synthesis      ; 00:00:03     ; 1.0                     ; 661 MB              ; 00:00:02                           ;
; Fitter                    ; 00:00:22     ; 2.2                     ; 1667 MB             ; 00:00:38                           ;
; Assembler                 ; 00:00:06     ; 1.0                     ; 530 MB              ; 00:00:06                           ;
; TimeQuest Timing Analyzer ; 00:00:04     ; 1.0                     ; 694 MB              ; 00:00:03                           ;
; EDA Netlist Writer        ; 00:00:01     ; 1.0                     ; 465 MB              ; 00:00:01                           ;
; EDA Netlist Writer        ; 00:00:01     ; 1.0                     ; 482 MB              ; 00:00:01                           ;
; EDA Netlist Writer        ; 00:00:01     ; 1.0                     ; 482 MB              ; 00:00:01                           ;
; EDA Netlist Writer        ; 00:00:00     ; 1.0                     ; 482 MB              ; 00:00:01                           ;
; EDA Netlist Writer        ; 00:00:01     ; 1.0                     ; 482 MB              ; 00:00:01                           ;
; Total                     ; 00:00:39     ; --                      ; --                  ; 00:00:54                           ;
+---------------------------+--------------+-------------------------+---------------------+------------------------------------+


+----------------------------------------------------------------------------------------+
; Flow OS Summary                                                                        ;
+---------------------------+------------------+-----------+------------+----------------+
; Module Name               ; Machine Hostname ; OS Name   ; OS Version ; Processor type ;
+---------------------------+------------------+-----------+------------+----------------+
; Analysis & Synthesis      ; Helder-PC        ; Windows 7 ; 6.2        ; x86_64         ;
; Fitter                    ; Helder-PC        ; Windows 7 ; 6.2        ; x86_64         ;
; Assembler                 ; Helder-PC        ; Windows 7 ; 6.2        ; x86_64         ;
; TimeQuest Timing Analyzer ; Helder-PC        ; Windows 7 ; 6.2        ; x86_64         ;
; EDA Netlist Writer        ; Helder-PC        ; Windows 7 ; 6.2        ; x86_64         ;
; EDA Netlist Writer        ; Helder-PC        ; Windows 7 ; 6.2        ; x86_64         ;
; EDA Netlist Writer        ; Helder-PC        ; Windows 7 ; 6.2        ; x86_64         ;
; EDA Netlist Writer        ; Helder-PC        ; Windows 7 ; 6.2        ; x86_64         ;
; EDA Netlist Writer        ; Helder-PC        ; Windows 7 ; 6.2        ; x86_64         ;
+---------------------------+------------------+-----------+------------+----------------+


------------
; Flow Log ;
------------
quartus_map --read_settings_files=on --write_settings_files=off CODECSystem -c CODECSystem
quartus_fit --read_settings_files=off --write_settings_files=off CODECSystem -c CODECSystem
quartus_asm --read_settings_files=off --write_settings_files=off CODECSystem -c CODECSystem
quartus_sta CODECSystem -c CODECSystem
quartus_eda --read_settings_files=off --write_settings_files=off CODECSystem -c CODECSystem
quartus_eda --gen_testbench --check_outputs=on --tool=modelsim_oem --format=verilog CODECSystem -c CODECSystem --vector_source=C:/Users/Helder/Documents/PI-VI/FPGAProgram/CODECSimulation.vwf --testbench_file=C:/Users/Helder/Documents/PI-VI/FPGAProgram/simulation/qsim/CODECSimulation.vwf.vt
quartus_eda --functional=on --flatten_buses=off --simulation=on --tool=modelsim_oem --format=verilog --output_directory=C:/Users/Helder/Documents/PI-VI/FPGAProgram/simulation/qsim/ CODECSystem -c CODECSystem
quartus_eda --gen_testbench --check_outputs=on --tool=modelsim_oem --format=verilog CODECSystem -c CODECSystem --vector_source=C:/Users/Helder/Documents/PI-VI/FPGAProgram/CODECSimulation.vwf --testbench_file=C:/Users/Helder/Documents/PI-VI/FPGAProgram/simulation/qsim/CODECSimulation.vwf.vt
quartus_eda --functional=on --flatten_buses=off --simulation=on --tool=modelsim_oem --format=verilog --output_directory=C:/Users/Helder/Documents/PI-VI/FPGAProgram/simulation/qsim/ CODECSystem -c CODECSystem



